<?xml version="1.0" encoding="UTF-8"?>
<!-- Generated by org.testng.reporters.JUnitReportReporter -->
<testsuite hostname="LAPTOP-7EIT1HQI" failures="0" tests="4" name="com.apitest.com.GETRequestRestAssured" time="3.759" errors="0" timestamp="2022-08-03T20:47:10 EDT" skipped="0">
  <testcase classname="com.apitest.com.GETRequestRestAssured" name="GetBookDetails" time="0.401"/>
  <system-out/>
  <testcase classname="com.apitest.com.GETRequestRestAssured" name="anotherExample" time="0.602"/>
  <system-out/>
  <testcase classname="com.apitest.com.GETRequestRestAssured" name="getWeatherDetails" time="0.325"/>
  <system-out/>
  <testcase classname="com.apitest.com.GETRequestRestAssured" name="DemoPOST" time="2.431"/>
  <system-out/>
</testsuite> <!-- com.apitest.com.GETRequestRestAssured -->
