<?xml version="1.0" encoding="UTF-8"?>
<!-- Generated by org.testng.reporters.JUnitReportReporter -->
<testsuite hostname="LAPTOP-7EIT1HQI" failures="0" tests="1" name="com.apitest.com.GETRequestRestAssured" time="3.013" errors="0" timestamp="2022-08-02T19:37:53 EDT" skipped="0">
  <testcase classname="com.apitest.com.GETRequestRestAssured" name="getWeatherDetails" time="3.013"/>
  <system-out/>
</testsuite> <!-- com.apitest.com.GETRequestRestAssured -->
